<?xml version="1.0" encoding="UTF-8"?>
<testsuite name="uk.nhs.adaptors.oneoneone.cda.report.controller.ReportControllerTest" tests="2" skipped="0" failures="0" errors="0" timestamp="2020-05-30T17:59:52" hostname="FIEND.local" time="1.031">
  <properties/>
  <testcase name="postReportValidRequest" classname="uk.nhs.adaptors.oneoneone.cda.report.controller.ReportControllerTest" time="1.021"/>
  <testcase name="postReportInvalidRequest" classname="uk.nhs.adaptors.oneoneone.cda.report.controller.ReportControllerTest" time="0.009"/>
  <system-out><![CDATA[]]></system-out>
  <system-err><![CDATA[]]></system-err>
</testsuite>
