<?xml version="1.0" encoding="UTF-8"?>
<testsuite name="uk.nhs.adaptors.oneoneone.cda.report.service.ReportServiceTest" tests="1" skipped="0" failures="0" errors="0" timestamp="2020-05-30T17:59:53" hostname="FIEND.local" time="0.953">
  <properties/>
  <testcase name="transformAndPopulateToGP" classname="uk.nhs.adaptors.oneoneone.cda.report.service.ReportServiceTest" time="0.953"/>
  <system-out><![CDATA[]]></system-out>
  <system-err><![CDATA[]]></system-err>
</testsuite>
